<?xml version="1.0" encoding="UTF-8"?>
<testsuite name="Comprar producto" tests="1" skipped="0" failures="0" errors="0" timestamp="2021-07-13T20:53:35" hostname="LAPTOP-VV7FJN5U" time="106.572">
  <properties/>
  <testcase name="Comprar un producto" classname="Comprar producto" time="106.572"/>
  <system-out><![CDATA[Step argument class io.cucumber.core.gherkin.vintage.GherkinVintageDataTableArgument
Step argument class io.cucumber.core.gherkin.vintage.GherkinVintageDataTableArgument
]]></system-out>
  <system-err><![CDATA[jul 13, 2021 3:53:36 PM org.openqa.selenium.remote.DesiredCapabilities chrome
INFORMACIÓN: Using `new ChromeOptions()` is preferred to `DesiredCapabilities.chrome()`
Starting ChromeDriver 91.0.4472.101 (af52a90bf87030dd1523486a1cd3ae25c5d76c9b-refs/branch-heads/4472@{#1462}) on port 38035
Only local connections are allowed.
Please see https://chromedriver.chromium.org/security-considerations for suggestions on keeping ChromeDriver safe.
ChromeDriver was started successfully.
jul 13, 2021 3:53:38 PM org.openqa.selenium.remote.ProtocolHandshake createSession
INFORMACIÓN: Detected dialect: W3C
]]></system-err>
</testsuite>
